Initializing...
Loading settings...
Checking RPC connectivity...
Compiling workflow...
✓ Workflow compiled
✓ Simulation limits enabled
  HTTP: req=120kb resp=250kb timeout=10s | ConfHTTP: req=125kb resp=500kb timeout=1m30s | Consensus obs=25kb | ChainWrite report=50kb gas=10000000 | WASM binary=100mb compressed=20mb
  Binary hash: 93ff25d43071cfb5dc91eb286d29a21f75020787ce7b651e5c39df69b125b8b9
  Config hash: 7bfcabb3853e79e52e7543cb79e3714ba379e737c2d039f2989762a8fdcdd221
! Secret "CHAINLINK_API_KEY" uses itself as the env var name — this is fragile and may cause confusion. Consider using a distinct env var name (e.g. "CRE_CHAINLINK_API_KEY").
! Secret "CHAINLINK_API_SECRET" uses itself as the env var name — this is fragile and may cause confusion. Consider using a distinct env var name (e.g. "CRE_CHAINLINK_API_SECRET").
2026-06-13T20:49:30Z [SIMULATION] Simulator Initialized

2026-06-13T20:49:30Z [SIMULATION] Running trigger trigger=cron-trigger@1.0.0

2026-06-13T20:50:00Z [USER LOG] fetching Data Streams report for feed 0x00036fe43f87884450b4c7e093cd5ed99cac6640d8c2000e6afc02c8838d0265
2026-06-13T20:50:00Z [USER LOG] consensus mark price18=7965670000000000000 observedMs=1781398200000
2026-06-13T20:50:01Z [USER LOG] ✓ MarkReceiver.onReport written on-chain: 0x3cd16b3568a9fc97c0353ad40a49fbbd7c383b5c99b68744ae9e73671af9d838

✓ Workflow Simulation Result:
"0x3cd16b3568a9fc97c0353ad40a49fbbd7c383b5c99b68744ae9e73671af9d838"

2026-06-13T20:50:01Z [SIMULATION] Execution finished signal received
2026-06-13T20:50:01Z [SIMULATION] Skipping WorkflowEngineV2
2026-06-13T20:50:01Z [SIMULATION] Failed to cleanup beholder error=BeholderClient has not been started: cannot stop unstarted service

╭──────────────────────────────────────────────────────╮
│ Simulation complete! Ready to deploy your workflow?  │
│                                                      │
│ Run cre account access to request deployment access. │
╰──────────────────────────────────────────────────────╯
